IQ-TREE multicore version 2.4.0 for Linux x86 64-bit built Feb 12 2025
Developed by Bui Quang Minh, Nguyen Lam Tung, Olga Chernomor, Heiko Schmidt,
Dominik Schrempf, Michael Woodhams, Ly Trong Nhan, Thomas Wong

Host:    master-node (AVX512, FMA3, 502 GB RAM)
Command: iqtree2 -s Alignment/Rep_Nuc_align.fasta -m GTR+G -B 1000 -T AUTO -ntmax 16 -pre Alignment/Trees/nuc_tree -redo
Seed:    560155 (Using SPRNG - Scalable Parallel Random Number Generator)
Time:    Tue Aug  5 02:24:11 2025
Kernel:  AVX+FMA - auto-detect threads (20 CPU cores detected)

Reading alignment file Alignment/Rep_Nuc_align.fasta ... Fasta format detected
Reading fasta file: done in 0.00202954 secs using 55.43% CPU
Alignment most likely contains DNA/RNA sequences
Alignment has 45 sequences with 2034 columns, 1505 distinct patterns
1193 parsimony-informative, 288 singleton sites, 553 constant sites
WARNING: Some sequence names are changed as follows:
MK433242.1_Gemycircularvirus_austro6_New_Zealand:_Canterbury -> MK433242.1_Gemycircularvirus_austro6_New_Zealand__Canterbury
OQ792008.1_Gemycircularvirus_China:_Heilongjiang -> OQ792008.1_Gemycircularvirus_China__Heilongjiang
OQ792006.1_Gemycircularvirus_China:_Heilongjiang -> OQ792006.1_Gemycircularvirus_China__Heilongjiang
OQ792017.1_Genomoviridae_China:_Heilongjiang -> OQ792017.1_Genomoviridae_China__Heilongjiang
OQ792016.1_Genomoviridae_China:_Heilongjiang -> OQ792016.1_Genomoviridae_China__Heilongjiang
OQ792015.1_Genomoviridae_China:_Heilongjiang -> OQ792015.1_Genomoviridae_China__Heilongjiang
OQ792014.1_Genomoviridae_China:_Heilongjiang -> OQ792014.1_Genomoviridae_China__Heilongjiang
NC_076354.1_Gemyduguivirus_austo1_New_Zealand:_Canterbury -> NC_076354.1_Gemyduguivirus_austo1_New_Zealand__Canterbury
MK433240.1_Gemyduguivirus_austo1_New_Zealand:_Canterbury -> MK433240.1_Gemyduguivirus_austo1_New_Zealand__Canterbury

                                                              Gap/Ambiguity  Composition  p-value
Analyzing sequences: done in 0.0112354 secs using 1679% CPU
   1  b52_Rep                                                        50.74%    failed      0.10%
   2  b54_Rep                                                        55.01%    failed      0.05%
   3  b60_Rep                                                        49.85%    failed      0.02%
   4  NC_076496.1_Gemycircularvirus_Vietman                          43.36%    passed      7.09%
   5  PV793856.1_Gemycircularvirus_China                             41.00%    failed      1.66%
   6  MK433242.1_Gemycircularvirus_austro6_New_Zealand__Canterbury   43.07%    passed     29.37%
   7  OQ792008.1_Gemycircularvirus_China__Heilongjiang               63.72%    passed     11.62%
   8  OQ792006.1_Gemycircularvirus_China__Heilongjiang               48.53%    passed     16.06%
   9  PV646690.1_Genomoviridae_China                                 63.86%    passed      9.84%
  10  OQ792017.1_Genomoviridae_China__Heilongjiang                   69.47%    passed     89.36%
  11  OQ792016.1_Genomoviridae_China__Heilongjiang                   51.62%    failed      0.01%
  12  OQ792015.1_Genomoviridae_China__Heilongjiang                   66.08%    failed      0.41%
  13  OQ792014.1_Genomoviridae_China__Heilongjiang                   69.47%    passed     79.06%
  14  PV329706.1_Gemykibivirus_Unknown                               45.72%    passed     49.16%
  15  NC_076408.1_Gemykibivirus_planta2_USA                          45.13%    passed     30.38%
  16  NC_076366.1_Gemykibivirus_hydro3_Brazil                        44.15%    passed     11.98%
  17  NC_076361.1_Gemykibivirus_hydro1_Brazil                        47.25%    passed      9.04%
  18  NC_076359.1_Gemykibivirus_hydro2_Brazil                        44.59%    failed      1.22%
  19  NC_076469.1_Gemykolovirus_citas1_Tunisia                       43.07%    failed      0.67%
  20  NC_076377.1_Gemykolovirus_gopha2_USA                           42.23%    passed     23.52%
  21  NC_076375.1_Gemykolovirus_gopha1_USA                           41.79%    passed     21.70%
  22  MN708482.1_Gemykolovirus_citas1_Tunisia                        43.07%    failed      0.67%
  23  MK570213.1_Gemykolovirus_gopha2_USA                            42.23%    passed     23.52%
  24  NC_076407.1_Gemygorvirus_opunt1_France                         46.12%    passed     58.28%
  25  NC_076363.1_Gemygorvirus_hydro1_Brazil                         43.41%    passed     92.82%
  26  OL704845.1_Gemygorvirus_Argentina                              37.71%    passed     56.60%
  27  MK947373.1_Gemygorvirus_opunt1_France                          46.12%    passed     58.28%
  28  MK483078.1_Gemygorvirus_hydro1_Brazil                          43.41%    passed     92.82%
  29  NC_076365.1_Gemykroznavirus_hydro1_Brazil                      46.51%    failed      0.24%
  30  MK483082.1_Gemykroznavirus_hydro1_Brazil                       46.51%    failed      0.24%
  31  NC_076364.1_Gemyduguivirus_hydro2_Brazil                       42.92%    passed     47.78%
  32  NC_076362.1_Gemyduguivirus_hydro3_Brazil                       39.82%    failed      1.40%
  33  NC_076360.1_Gemyduguivirus_hydro1_Brazil                       41.64%    passed      8.61%
  34  NC_076354.1_Gemyduguivirus_austo1_New_Zealand__Canterbury      46.41%    passed     40.97%
  35  MK433240.1_Gemyduguivirus_austo1_New_Zealand__Canterbury       46.41%    passed     40.97%
  36  NC_076287.1_Gemykrogvirus_apime1_USA                           43.17%    failed      0.26%
  37  MH973741.1_Gemykrogvirus_apime1_USA                            43.17%    failed      0.26%
  38  NC_024690.1_Gemykrogvirus_bovas1_Germany                       38.84%    failed      1.08%
  39  LK931484.1_Gemykrogvirus_bovas1_Germany                        38.84%    failed      1.08%
  40  MN708484.1_Citrus_Tunisia_genomovirus_1_Tunisia                43.07%    failed      0.73%
  41  MN708483.1_Citrus_Tunisia_genomovirus_1_Tunisia                43.07%    failed      0.62%
  42  NC_028459.1_Gemyvongvirus_humas1_Germany                       43.12%    passed      8.46%
  43  KP974693.1_Gemyvongvirus_humas1_Germany                        43.12%    passed      8.46%
  44  Geminivirus_Rep_ACMV                                           47.05%    failed      0.00%
  45  MN765193.1_Genonmovirus_Tanzania                               55.60%    failed      2.49%
WARNING: 9 sequences contain more than 50% gaps/ambiguity
****  TOTAL                                                          47.13%  20 sequences failed composition chi2 test (p-value<5%; df=3)
NOTE: MN708482.1_Gemykolovirus_citas1_Tunisia is identical to NC_076469.1_Gemykolovirus_citas1_Tunisia but kept for subsequent analysis
NOTE: MK570213.1_Gemykolovirus_gopha2_USA is identical to NC_076377.1_Gemykolovirus_gopha2_USA but kept for subsequent analysis
NOTE: MK947373.1_Gemygorvirus_opunt1_France is identical to NC_076407.1_Gemygorvirus_opunt1_France but kept for subsequent analysis
NOTE: MK483078.1_Gemygorvirus_hydro1_Brazil is identical to NC_076363.1_Gemygorvirus_hydro1_Brazil but kept for subsequent analysis
NOTE: MK483082.1_Gemykroznavirus_hydro1_Brazil is identical to NC_076365.1_Gemykroznavirus_hydro1_Brazil but kept for subsequent analysis
NOTE: MK433240.1_Gemyduguivirus_austo1_New_Zealand__Canterbury is identical to NC_076354.1_Gemyduguivirus_austo1_New_Zealand__Canterbury but kept for subsequent analysis
NOTE: MH973741.1_Gemykrogvirus_apime1_USA is identical to NC_076287.1_Gemykrogvirus_apime1_USA but kept for subsequent analysis
NOTE: LK931484.1_Gemykrogvirus_bovas1_Germany is identical to NC_024690.1_Gemykrogvirus_bovas1_Germany but kept for subsequent analysis
NOTE: KP974693.1_Gemyvongvirus_humas1_Germany is identical to NC_028459.1_Gemyvongvirus_humas1_Germany but kept for subsequent analysis

Create initial parsimony tree by phylogenetic likelihood library (PLL)... 0.010 seconds
Generating 1000 samples for ultrafast bootstrap (seed: 560155)...

NOTE: 14 MB RAM (0 GB) is required!
Measuring multi-threading efficiency up to 16 CPU cores
Increase to 10 rounds for branch lengths
49 trees examined
Threads: 1 / Time: 16.216 sec / Speedup: 1.000 / Efficiency: 100% / LogL: -50114
Threads: 2 / Time: 12.073 sec / Speedup: 1.343 / Efficiency: 67% / LogL: -50114
Threads: 3 / Time: 5.098 sec / Speedup: 3.181 / Efficiency: 106% / LogL: -50114
Threads: 4 / Time: 4.111 sec / Speedup: 3.944 / Efficiency: 99% / LogL: -50114
Threads: 5 / Time: 4.097 sec / Speedup: 3.958 / Efficiency: 79% / LogL: -50114
Threads: 6 / Time: 3.729 sec / Speedup: 4.349 / Efficiency: 72% / LogL: -50114
Threads: 7 / Time: 3.581 sec / Speedup: 4.528 / Efficiency: 65% / LogL: -50114
Threads: 8 / Time: 3.655 sec / Speedup: 4.437 / Efficiency: 55% / LogL: -50114
Threads: 9 / Time: 3.712 sec / Speedup: 4.369 / Efficiency: 49% / LogL: -50114
BEST NUMBER OF THREADS: 6

Estimate model parameters (epsilon = 0.100)
1. Initial log-likelihood: -35215.427
2. Current log-likelihood: -33593.135
3. Current log-likelihood: -33530.818
4. Current log-likelihood: -33527.401
5. Current log-likelihood: -33526.705
Optimal log-likelihood: -33526.703
Rate parameters:  A-C: 1.84617  A-G: 2.43477  A-T: 1.11379  C-G: 1.40401  C-T: 2.77401  G-T: 1.00000
Base frequencies:  A: 0.251  C: 0.244  G: 0.263  T: 0.242
Gamma shape alpha: 1.114
Parameters optimization took 5 rounds (0.365 sec)
Wrote distance file to... 
Computing ML distances based on estimated model parameters...
Calculating distance matrix: done in 0.00434417 secs using 823% CPU
Computing ML distances took 0.004627 sec (of wall-clock time) 0.036039 sec (of CPU time)
Setting up auxiliary I and S matrices: done in 0.000423647 secs
Computing RapidNJ tree took 0.023867 sec (of wall-clock time) 0.035609 sec (of CPU time)
Log-likelihood of RapidNJ tree: -33575.432
--------------------------------------------------------------------
|             INITIALIZING CANDIDATE TREE SET                      |
--------------------------------------------------------------------
Generating 98 parsimony trees... 1.681 second
Computing log-likelihood of 98 initial trees ... 1.701 seconds
Current best score: -33526.703

Do NNI search on 20 best initial trees
Estimate model parameters (epsilon = 0.100)
BETTER TREE FOUND at iteration 1: -33507.534
Estimate model parameters (epsilon = 0.100)
BETTER TREE FOUND at iteration 3: -33493.440
Iteration 10 / LogL: -33500.061 / Time: 0h:1m:4s
Estimate model parameters (epsilon = 0.100)
BETTER TREE FOUND at iteration 12: -33492.470
Iteration 20 / LogL: -33493.710 / Time: 0h:1m:9s
Finish initializing candidate tree set (16)
Current best tree score: -33492.470 / CPU time: 12.116
Number of iterations: 20
--------------------------------------------------------------------
|               OPTIMIZING CANDIDATE TREE SET                      |
--------------------------------------------------------------------
Estimate model parameters (epsilon = 0.100)
BETTER TREE FOUND at iteration 23: -33492.318
Iteration 30 / LogL: -33496.231 / Time: 0h:1m:13s (0h:3m:54s left)
Iteration 40 / LogL: -33496.494 / Time: 0h:1m:16s (0h:2m:42s left)
Estimate model parameters (epsilon = 0.100)
UPDATE BEST LOG-LIKELIHOOD: -33492.270
Iteration 50 / LogL: -33492.310 / Time: 0h:1m:19s (0h:1m:58s left)
Log-likelihood cutoff on original alignment: -33529.707
Iteration 60 / LogL: -33493.350 / Time: 0h:1m:23s (0h:1m:28s left)
Iteration 70 / LogL: -33494.951 / Time: 0h:1m:26s (0h:1m:6s left)
UPDATE BEST LOG-LIKELIHOOD: -33492.266
Iteration 80 / LogL: -33492.512 / Time: 0h:1m:29s (0h:0m:48s left)
Iteration 90 / LogL: -33492.358 / Time: 0h:1m:32s (0h:0m:34s left)
Iteration 100 / LogL: -33492.788 / Time: 0h:1m:35s (0h:0m:22s left)
Log-likelihood cutoff on original alignment: -33529.707
NOTE: Bootstrap correlation coefficient of split occurrence frequencies: 0.999
Iteration 110 / LogL: -33497.391 / Time: 0h:1m:38s (0h:1m:21s left)
Iteration 120 / LogL: -33492.820 / Time: 0h:1m:41s (0h:1m:7s left)
TREE SEARCH COMPLETED AFTER 124 ITERATIONS / Time: 0h:1m:42s

--------------------------------------------------------------------
|                    FINALIZING TREE SEARCH                        |
--------------------------------------------------------------------
Performs final model parameters optimization
Estimate model parameters (epsilon = 0.010)
1. Initial log-likelihood: -33492.266
2. Current log-likelihood: -33492.248
Optimal log-likelihood: -33492.247
Rate parameters:  A-C: 1.83295  A-G: 2.46238  A-T: 1.11742  C-G: 1.42959  C-T: 2.81342  G-T: 1.00000
Base frequencies:  A: 0.251  C: 0.244  G: 0.263  T: 0.242
Gamma shape alpha: 1.123
Parameters optimization took 2 rounds (0.075 sec)
BEST SCORE FOUND : -33492.247
Creating bootstrap support values...
Split supports printed to NEXUS file Alignment/Trees/nuc_tree.splits.nex
Total tree length: 18.517

Total number of iterations: 124
CPU time used for tree search: 257.948 sec (0h:4m:17s)
Wall-clock time used for tree search: 45.144 sec (0h:0m:45s)
Total CPU time used: 464.172 sec (0h:7m:44s)
Total wall-clock time used: 102.279 sec (0h:1m:42s)

Computing bootstrap consensus tree...
Reading input file Alignment/Trees/nuc_tree.splits.nex...
45 taxa and 291 splits.
Consensus tree written to Alignment/Trees/nuc_tree.contree
Reading input trees file Alignment/Trees/nuc_tree.contree
Log-likelihood of consensus tree: -33492.510

Analysis results written to: 
  IQ-TREE report:                Alignment/Trees/nuc_tree.iqtree
  Maximum-likelihood tree:       Alignment/Trees/nuc_tree.treefile
  Likelihood distances:          Alignment/Trees/nuc_tree.mldist

Ultrafast bootstrap approximation results written to:
  Split support values:          Alignment/Trees/nuc_tree.splits.nex
  Consensus tree:                Alignment/Trees/nuc_tree.contree
  Screen log file:               Alignment/Trees/nuc_tree.log

Date and Time: Tue Aug  5 02:25:54 2025
